<?xml version="1.0" encoding="UTF-8"?>
<!-- Generated by org.testng.reporters.JUnitXMLReporter -->
<testsuite hostname="Gate6-70" name="Default test" tests="4" failures="0" timestamp="10 Aug 2018 04:54:01 GMT" time="34.724" errors="0">
  <testcase name="LoginWithWrongUsernamePassword" time="11.498" classname="TestSuit.TestCasesSignInAcedmia"/>
  <testcase name="LoginWithBlankUsernamePassword" time="5.347" classname="TestSuit.TestCasesSignInAcedmia"/>
  <testcase name="LoginWithBlankUserNameOnly" time="5.557" classname="TestSuit.TestCasesSignInAcedmia"/>
  <testcase name="LoginWithBlankPasswordOnly" time="5.533" classname="TestSuit.TestCasesSignInAcedmia"/>
</testsuite> <!-- Default test -->
